[2024/10/13 01:46:28]: §9          __             _       
[2024/10/13 01:46:28]: §9  _ __   / /  ___   __ _(_)_ __  
[2024/10/13 01:46:28]: §9 | '_ \ / /  / _ \ / _` | | '_ \ 
[2024/10/13 01:46:28]: §9 | | | / /__| (_) | (_| | | | | |
[2024/10/13 01:46:28]: §9 |_| |_\____/\___/ \__, |_|_| |_|
[2024/10/13 01:46:28]: §9                  |___/            
[2024/10/13 01:46:28]: §9 By: www.nickuc.com - V 10.4.10 DEVELOPMENT
[2024/10/13 01:46:28]: §9 
[2024/10/13 01:46:28]: §3[nLogin] [DEBUG] The config.yml file was created successfully.
[2024/10/13 01:46:31]: §3[nLogin] [DEBUG] All settings were loaded in 3045 ms.
[2024/10/13 01:46:31]: §3[nLogin] [DEBUG] Loading the messages_en.yml message file...
[2024/10/13 01:46:31]: §3[nLogin] [DEBUG] All plugin messages were loaded in 100 ms (languageByClient=false).
[2024/10/13 01:46:31]: §3[nLogin] [DEBUG] The file config.yml was created successfully.
[2024/10/13 01:46:31]: §3[nLogin] [DEBUG] All proxy settings were loaded in 9 ms.
[2024/10/13 01:46:31]: §3[nLogin] [DEBUG] Loading database...
[2024/10/13 01:46:31]: [nLogin] Generating RSA keypair... (this may take a while)
[2024/10/13 01:46:32]: [nLogin] The RSA key pair was successfully generated. Took 0.70s
[2024/10/13 01:46:32]: §3[nLogin] [DEBUG] Starting logger filter...
[2024/10/13 01:46:37]: 
[2024/10/13 01:46:37]:  §bThank you so much for choosing nLogin! §4<3
[2024/10/13 01:46:37]: 
[2024/10/13 01:46:37]:  §4For your safety, please read the message below:
[2024/10/13 01:46:37]:   §cNever download nLogin from unknown sources.
[2024/10/13 01:46:37]:   §cA modified version may contain malicious software.
[2024/10/13 01:46:37]: 
[2024/10/13 01:46:37]:  §3Trusted sources:
[2024/10/13 01:46:37]:   §bwww.nickuc.com
[2024/10/13 01:46:37]:   §bwww.github.com/nickuc
[2024/10/13 01:46:37]:   §bOpeNLogin installer (from Spigot or GitHub)
[2024/10/13 01:46:37]: 
[2024/10/13 01:46:37]:  §3Official support channels:
[2024/10/13 01:46:37]:   §bDiscord group: §fwww.nickuc.com/discord
[2024/10/13 01:46:37]:   §bDocumentation: §fdocs.nickuc.com/nlogin/
[2024/10/13 01:46:37]:   §bEmail: §fsupport@nickuc.com
[2024/10/13 01:46:37]:   §bYouTube: §fyoutube.com/nickuc
[2024/10/13 01:46:37]: 
[2024/10/13 01:46:37]:  §eTo remove this warning, log in with "nlogin.admin" permission on the server
[2024/10/13 01:46:37]:  §eand click the "Setup plugin" button to configure your plugin.
[2024/10/13 01:46:37]: 
[2024/10/13 01:47:46]: [nLogin] Successful plugin core shutdown (took 0.00s)
