[18:17:51] [main/INFO] [com.velocitypowered.proxy.VelocityServer]: Booting up Velocity 3.3.0-SNAPSHOT (git-2016d148-b436)...
[18:17:51] [main/INFO] [com.velocitypowered.proxy.VelocityServer]: Loading localizations...
[18:17:51] [main/INFO] [com.velocitypowered.proxy.network.ConnectionManager]: Connections will use epoll channels, libdeflate (Linux x86_64) compression, OpenSSL 1.1.x (Linux x86_64) ciphers
[18:17:51] [main/WARN] [com.velocitypowered.proxy.config.VelocityConfiguration]: The proxy is running in offline mode! This is a security risk and you will NOT receive any support!
[18:17:51] [main/INFO] [com.velocitypowered.proxy.VelocityServer]: Loading plugins...
[18:17:52] [main/ERROR] [com.velocitypowered.proxy.console.VelocityConsole]: :>:>:>:>:>:>:>:>:>:>:>:>:>:>:>:>:>:>:>:>:>:>:>
[18:17:52] [main/ERROR] [com.velocitypowered.proxy.console.VelocityConsole]: :>  
[18:17:52] [main/ERROR] [com.velocitypowered.proxy.console.VelocityConsole]: :>      EAGLERCRAFTXVELOCITY WARNING:
[18:17:52] [main/ERROR] [com.velocitypowered.proxy.console.VelocityConsole]: :>  
[18:17:52] [main/ERROR] [com.velocitypowered.proxy.console.VelocityConsole]: :>  This plugin wasn't tested to be 'working'
[18:17:52] [main/ERROR] [com.velocitypowered.proxy.console.VelocityConsole]: :>  with ANY version of Velocity (and forks)
[18:17:52] [main/ERROR] [com.velocitypowered.proxy.console.VelocityConsole]: :>  apart from the versions listed below:
[18:17:52] [main/ERROR] [com.velocitypowered.proxy.console.VelocityConsole]: :>  
[18:17:52] [main/ERROR] [com.velocitypowered.proxy.console.VelocityConsole]: :>  - Velocity: 3.3.0-SNAPSHOT:2016d148:b436
[18:17:52] [main/ERROR] [com.velocitypowered.proxy.console.VelocityConsole]: :>  
[18:17:52] [main/ERROR] [com.velocitypowered.proxy.console.VelocityConsole]: :>  This is not a Bukkit/Spigot plugin!
[18:17:52] [main/ERROR] [com.velocitypowered.proxy.console.VelocityConsole]: :>  
[18:17:52] [main/ERROR] [com.velocitypowered.proxy.console.VelocityConsole]: :>  Use "-Deaglerxvelocity.stfu=true" to hide
[18:17:52] [main/ERROR] [com.velocitypowered.proxy.console.VelocityConsole]: :>  
[18:17:52] [main/ERROR] [com.velocitypowered.proxy.console.VelocityConsole]: :>:>:>:>:>:>:>:>:>:>:>:>:>:>:>:>:>:>:>:>:>:>:>
[18:17:52] [main/INFO] [com.velocitypowered.proxy.plugin.VelocityPluginManager]: Loaded plugin eaglerxvelocity 1.1.1 by lax1dude, ayunami2000
[18:17:52] [main/INFO] [com.velocitypowered.proxy.plugin.VelocityPluginManager]: Loaded plugin nlogin 10.4.10 by NickUC
[18:17:52] [main/INFO] [com.velocitypowered.proxy.VelocityServer]: Loaded 3 plugins
[18:17:52] [EaglercraftXVelocity - Task Executor #0/WARN] [eaglerxvelocity]: This plugin is still in development, certain features may not be functional!
[18:17:52] [EaglercraftXVelocity - Task Executor #0/WARN] [eaglerxvelocity]: Not recommended for public servers yet, please check for updates
[18:17:52] [EaglercraftXVelocity - Task Executor #0/ERROR] [eaglerxvelocity]: Online mode is set to false! Authentication system has been disabled
[18:17:53] [Netty epoll Boss #0/INFO] [eaglerxvelocity]: Eaglercraft is listening on: /0.0.0.0:8081
[18:17:53] [EaglercraftXVelocity - Task Executor #0/INFO] [eaglerxvelocity]: Connected to database: jdbc:sqlite:eaglercraft_skins_cache.db
[18:17:53] [EaglercraftXVelocity - Task Executor #0/INFO] [eaglerxvelocity]: Voice chat disabled, add "allow_voice: true" to your listeners to enable
[18:17:56] [EaglercraftXVelocity - Task Executor #0/INFO] [nlogin]: Successful plugin core start (took 0.58s)
[18:17:56] [EaglercraftXVelocity - Task Executor #0/INFO] [com.velocitypowered.proxy.console.VelocityConsole]:           __             _       
[18:17:56] [EaglercraftXVelocity - Task Executor #0/INFO] [com.velocitypowered.proxy.console.VelocityConsole]:   _ __   / /  ___   __ _(_)_ __  
[18:17:56] [EaglercraftXVelocity - Task Executor #0/INFO] [com.velocitypowered.proxy.console.VelocityConsole]:  | '_ \ / /  / _ \ / _` | | '_ \ 
[18:17:56] [EaglercraftXVelocity - Task Executor #0/INFO] [com.velocitypowered.proxy.console.VelocityConsole]:  | | | / /__| (_) | (_| | | | | |
[18:17:56] [EaglercraftXVelocity - Task Executor #0/INFO] [com.velocitypowered.proxy.console.VelocityConsole]:  |_| |_\____/\___/ \__, |_|_| |_|
[18:17:56] [EaglercraftXVelocity - Task Executor #0/INFO] [com.velocitypowered.proxy.console.VelocityConsole]:                   |___/            
[18:17:56] [EaglercraftXVelocity - Task Executor #0/INFO] [com.velocitypowered.proxy.console.VelocityConsole]:  By: www.nickuc.com - V 10.4.10 DEVELOPMENT
[18:17:56] [EaglercraftXVelocity - Task Executor #0/INFO] [com.velocitypowered.proxy.console.VelocityConsole]:  
[18:17:57] [Netty epoll Boss #1/INFO] [com.velocitypowered.proxy.network.ConnectionManager]: Listening on /[0:0:0:0:0:0:0:0%0]:25577
[18:17:57] [main/INFO] [com.velocitypowered.proxy.Velocity]: Done (7.41s)!
[18:18:02] [nLogin - Task Executor #0/INFO] [com.velocitypowered.proxy.console.VelocityConsole]: 
[18:18:02] [nLogin - Task Executor #0/INFO] [com.velocitypowered.proxy.console.VelocityConsole]:  Thank you so much for choosing nLogin! <3
[18:18:02] [nLogin - Task Executor #0/INFO] [com.velocitypowered.proxy.console.VelocityConsole]: 
[18:18:02] [nLogin - Task Executor #0/INFO] [com.velocitypowered.proxy.console.VelocityConsole]:  For your safety, please read the message below:
[18:18:02] [nLogin - Task Executor #0/INFO] [com.velocitypowered.proxy.console.VelocityConsole]:   Never download nLogin from unknown sources.
[18:18:02] [nLogin - Task Executor #0/INFO] [com.velocitypowered.proxy.console.VelocityConsole]:   A modified version may contain malicious software.
[18:18:02] [nLogin - Task Executor #0/INFO] [com.velocitypowered.proxy.console.VelocityConsole]: 
[18:18:02] [nLogin - Task Executor #0/INFO] [com.velocitypowered.proxy.console.VelocityConsole]:  Trusted sources:
[18:18:02] [nLogin - Task Executor #0/INFO] [com.velocitypowered.proxy.console.VelocityConsole]:   www.nickuc.com
[18:18:02] [nLogin - Task Executor #0/INFO] [com.velocitypowered.proxy.console.VelocityConsole]:   www.github.com/nickuc
[18:18:02] [nLogin - Task Executor #0/INFO] [com.velocitypowered.proxy.console.VelocityConsole]:   OpeNLogin installer (from Spigot or GitHub)
[18:18:02] [nLogin - Task Executor #0/INFO] [com.velocitypowered.proxy.console.VelocityConsole]: 
[18:18:02] [nLogin - Task Executor #0/INFO] [com.velocitypowered.proxy.console.VelocityConsole]:  Official support channels:
[18:18:02] [nLogin - Task Executor #0/INFO] [com.velocitypowered.proxy.console.VelocityConsole]:   Discord group: www.nickuc.com/discord
[18:18:02] [nLogin - Task Executor #0/INFO] [com.velocitypowered.proxy.console.VelocityConsole]:   Documentation: docs.nickuc.com/nlogin/
[18:18:02] [nLogin - Task Executor #0/INFO] [com.velocitypowered.proxy.console.VelocityConsole]:   Email: support@nickuc.com
[18:18:02] [nLogin - Task Executor #0/INFO] [com.velocitypowered.proxy.console.VelocityConsole]:   YouTube: youtube.com/nickuc
[18:18:02] [nLogin - Task Executor #0/INFO] [com.velocitypowered.proxy.console.VelocityConsole]: 
[18:18:02] [nLogin - Task Executor #0/INFO] [com.velocitypowered.proxy.console.VelocityConsole]:  To remove this warning, log in with "nlogin.admin" permission on the server
[18:18:02] [nLogin - Task Executor #0/INFO] [com.velocitypowered.proxy.console.VelocityConsole]:  and click the "Setup plugin" button to configure your plugin.
[18:18:02] [nLogin - Task Executor #0/INFO] [com.velocitypowered.proxy.console.VelocityConsole]: 
[18:18:13] [Netty epoll Worker #0/WARN] [eaglerxvelocity]: Server icon is not a file: /workspaces/1.21.1/velocity/server-icon.png
[18:18:16] [Netty epoll Worker #1/INFO] [eaglerxvelocity]: [/[0:0:0:0:0:0:0:1%0]:60774]: Connected via websocket
[18:18:16] [Netty epoll Worker #1/INFO] [eaglerxvelocity]: [/[0:0:0:0:0:0:0:1%0]:60774]: Origin header is null
[18:18:16] [Netty epoll Worker #1/INFO] [eaglerxvelocity]: [connected player] mohawktayler2 (/[0:0:0:0:0:0:0:1%0]:60774) has connected
[18:18:16] [Netty epoll Worker #1/INFO] [com.velocitypowered.proxy.connection.MinecraftConnection]: [server connection] mohawktayler2 -> lobby has connected
[18:18:32] [nLogin - Task Executor #0/INFO] [nlogin]: The user mohawktayler2 has successfully logged in.
[18:19:42] [Netty epoll Worker #1/INFO] [com.velocitypowered.proxy.connection.MinecraftConnection]: [connected player] mohawktayler2 (/[0:0:0:0:0:0:0:1%0]:60774) has disconnected
[18:19:42] [Netty epoll Worker #1/INFO] [com.velocitypowered.proxy.connection.MinecraftConnection]: [server connection] mohawktayler2 -> lobby has disconnected
